Arguments: 
  C:\Program Files\nodejs\node.exe C:\Program Files (x86)\Yarn\bin\yarn.js add -W webpack-dev-server

PATH: 
  C:\Users\AJACKUS\bin;C:\Program Files\Git\mingw64\bin;C:\Program Files\Git\usr\local\bin;C:\Program Files\Git\usr\bin;C:\Program Files\Git\usr\bin;C:\Program Files\Git\mingw64\bin;C:\Program Files\Git\usr\bin;C:\Users\AJACKUS\bin;C:\Python310\Scripts;C:\Python310;C:\Windows\system32;C:\Windows;C:\Windows\System32\Wbem;C:\Windows\System32\WindowsPowerShell\v1.0;C:\Windows\System32\OpenSSH;C:\Program Files\Docker\Docker\resources\bin;C:\ProgramData\DockerDesktop\version-bin;C:\Program Files\Git\cmd;C:\ProgramData\chocolatey\bin;C:\Program Files (x86)\Yarn\bin;C:\Program Files\nodejs;C:\Users\AJACKUS\AppData\Local\Microsoft\WindowsApps;C:\Users\AJACKUS\AppData\Local\Programs\Microsoft VS Code\bin;C:\ProgramData\AJACKUS\GitHubDesktop\bin;C:\Users\AJACKUS\AppData\Local\GitHubDesktop\bin;C:\Users\AJACKUS\AppData\Local\Yarn\bin;C:\Users\AJACKUS\AppData\Local\Google\Cloud SDK\google-cloud-sdk\bin;C:\Users\AJACKUS\AppData\Roaming\npm;C:\Program Files\Git\usr\bin\vendor_perl;C:\Program Files\Git\usr\bin\core_perl

Yarn version: 
  1.22.4

Node version: 
  16.14.2

Platform: 
  win32 x64

Trace: 
  Error: https://registry.yarnpkg.com/@mui/icons-material/-/icons-material-5.5.1.tgz: ESOCKETTIMEDOUT
      at ClientRequest.<anonymous> (C:\Program Files (x86)\Yarn\lib\cli.js:141375:19)
      at Object.onceWrapper (node:events:645:28)
      at ClientRequest.emit (node:events:526:28)
      at TLSSocket.emitRequestTimeout (node:_http_client:758:9)
      at Object.onceWrapper (node:events:645:28)
      at TLSSocket.emit (node:events:538:35)
      at TLSSocket.Socket._onTimeout (node:net:501:8)
      at listOnTimeout (node:internal/timers:559:17)
      at processTimers (node:internal/timers:502:7)

npm manifest: 
  {
    "name": "buildly-react-template",
    "version": "1.0.0",
    "description": "Frontend Template from Buildly built using the React framework",
    "main": "src/index.js",
    "private": true,
    "workspaces": [
      "src/clients/*"
    ],
    "dependencies": {
      "@babel/plugin-transform-runtime": "^7.4.4",
      "@date-io/date-fns": "^1.3.13",
      "@date-io/moment": "^1.3.13",
      "@emotion/react": "^11.7.1",
      "@emotion/styled": "^11.6.0",
      "@fortawesome/fontawesome-svg-core": "^1.2.36",
      "@fortawesome/free-brands-svg-icons": "^5.15.4",
      "@fortawesome/react-fontawesome": "^0.1.16",
      "@mui/icons-material": "^5.2.5",
      "@mui/lab": "^5.0.0-alpha.61",
      "@mui/material": "^5.2.5",
      "@mui/styles": "^5.2.3",
      "@types/node": "^14.10.3",
      "@types/react": "^17.0.38",
      "@types/react-dom": "^17.0.11",
      "date-fns": "^2.14.0",
      "i18next": "^15.1.3",
      "i18next-browser-languagedetector": "^3.0.1",
      "immutability-helper": "3.0.1",
      "lodash": "^4.17.21",
      "moment-timezone": "^0.5.34",
      "mui-datatables": "^4.0.0",
      "npm": "^6.9.0",
      "polished": "^3.2.0",
      "prop-types": "^15.7.2",
      "react": "^17.0.2",
      "react-beautiful-dnd": "12.2.0",
      "react-dom": "^16.7.0",
      "react-hot-loader": "^4.6.3",
      "react-i18next": "^10.11.0",
      "react-notifications": "^1.4.3",
      "react-redux": "^7.1.0",
      "react-router-dom": "^4.4.0-beta.8",
      "react-scripts": "3.2.0",
      "react-styleguidist": "^9.0.8",
      "react-test-renderer": "^16.8.6",
      "reactjs-popup": "^1.4.0",
      "redux-saga": "^1.0.0",
      "serve": "^11.0.0",
      "uuid": "3.3.3"
    },
    "devDependencies": {
      "@babel/cli": "^7.2.3",
      "@babel/core": "^7.2.2",
      "@babel/preset-env": "^7.3.1",
      "@babel/preset-react": "^7.0.0",
      "@types/jest": "^24.9.1",
      "awesome-typescript-loader": "^5.2.1",
      "babel-core": "^7.0.0-bridge.0",
      "babel-jest": "^24.9.0",
      "babel-loader": "^8.0.5",
      "babel-polyfill": "^6.26.0",
      "babel-preset-es2015": "^6.24.1",
      "babel-preset-react": "^6.24.1",
      "copy-webpack-plugin": "^5.0.2",
      "css-loader": "^2.1.1",
      "enzyme": "^3.8.0",
      "enzyme-adapter-react-16": "^1.13.1",
      "enzyme-to-json": "^3.3.5",
      "eslint": "^7.32.0",
      "eslint-config-airbnb": "^18.2.1",
      "eslint-import-resolver-webpack": "^0.13.0",
      "eslint-plugin-import": "^2.25.3",
      "eslint-plugin-jsx-a11y": "^6.4.1",
      "eslint-plugin-react": "^7.27.0",
      "eslint-plugin-react-hooks": "^4.3.0",
      "file-loader": "^3.0.1",
      "file-replace-loader": "^1.3.2",
      "html-loader": "^0.5.5",
      "html-webpack-plugin": "^3.2.0",
      "image-webpack-loader": "^4.6.0",
      "jest": "^24.9.0",
      "midgard-core": "^0.1.4",
      "node-sass": "^6.0.1",
      "react-docgen": "^4.1.1",
      "react-docgen-typescript": "^1.12.4",
      "redux-mock-store": "^1.5.3",
      "sass-loader": "^10.2.0",
      "source-map-loader": "^0.2.4",
      "style-loader": "^0.23.1",
      "ts-jest": "^24.0.2",
      "typedoc": "^0.14.2",
      "typescript": "^3.9.7",
      "webpack": "^4.29.0",
      "webpack-cli": "^3.2.1",
      "webpack-dev-server": "^3.1.14"
    },
    "scripts": {
      "build": "webpack --mode development",
      "start": "webpack-dev-server --mode development",
      "build:dev": "webpack --mode development --env.build=dev",
      "start:dev": "webpack-dev-server --mode development --env.build=dev",
      "https:local": "webpack-dev-server --https --cert /Users/radz/certs/server.crt --key /Users/radz/certs/server.key --mode development --env.build=local",
      "start:local": "webpack-dev-server --mode development --env.build=local",
      "build:prod": "webpack --mode development --env.build=prod",
      "start:prod": "webpack-dev-server --mode development --env.build=prod",
      "test": "jest --watch",
      "test:prod": "jest",
      "test-coverage": "jest --updateSnapshot --coverage",
      "serve": "./node_modules/.bin/serve -s dist",
      "lint": "eslint src/**/*.js --fix"
    },
    "jest": {
      "moduleNameMapper": {
        "\\.(css|less|scss)$": "<rootDir>/__mocks__/styleMock.js",
        "\\.(gif|ttf|eot|svg|png|jpg)$": "<rootDir>/__mocks__/fileMock.js"
      },
      "moduleDirectories": [
        "node_modules",
        "<rootDir>/src",
        "src",
        "<rootDir>/src/styles",
        "<rootDir>"
      ],
      "moduleFileExtensions": [
        "js",
        "jsx",
        "ts",
        "tsx"
      ],
      "transform": {
        "^.+\\.tsx?$": "ts-jest",
        "\\.(js|jsx)?$": "./test-transform.js"
      },
      "setupFiles": [
        "<rootDir>/test-setup.js"
      ],
      "collectCoverageFrom": [
        "src/**/*.{js,jsx,tsx}"
      ],
      "snapshotSerializers": [
        "enzyme-to-json/serializer"
      ]
    },
    "keywords": [
      "Buildly",
      "React"
    ],
    "author": "Buildly",
    "license": "ISC"
  }

yarn manifest: 
  No manifest

Lockfile: 
  No lockfile
